<?xml version="1.0" encoding="UTF-8"?>
<coverage generated="1725000406118" clover="3.2.0">
  <project timestamp="1725000406119" name="All files">
    <metrics statements="25" coveredstatements="25" conditionals="6" coveredconditionals="6" methods="8" coveredmethods="8" elements="39" coveredelements="39" complexity="0" loc="25" ncloc="25" packages="1" files="4" classes="4"/>
    <file name="add.js" path="C:\Users\swarna.sreekar\OneDrive - ascendion\Desktop\jest_testing\add.js">
      <metrics statements="2" coveredstatements="2" conditionals="0" coveredconditionals="0" methods="1" coveredmethods="1"/>
      <line num="1" count="2" type="stmt"/>
      <line num="2" count="1" type="stmt"/>
    </file>
    <file name="examplecase.js" path="C:\Users\swarna.sreekar\OneDrive - ascendion\Desktop\jest_testing\examplecase.js">
      <metrics statements="14" coveredstatements="14" conditionals="2" coveredconditionals="2" methods="5" coveredmethods="5"/>
      <line num="2" count="1" type="stmt"/>
      <line num="3" count="2" type="stmt"/>
      <line num="5" count="1" type="stmt"/>
      <line num="8" count="1" type="stmt"/>
      <line num="10" count="2" type="cond" truecount="2" falsecount="0"/>
      <line num="11" count="1" type="stmt"/>
      <line num="16" count="1" type="stmt"/>
      <line num="21" count="1" type="stmt"/>
      <line num="22" count="1" type="stmt"/>
      <line num="24" count="1" type="stmt"/>
      <line num="25" count="1" type="stmt"/>
      <line num="26" count="1" type="stmt"/>
      <line num="27" count="1" type="stmt"/>
      <line num="29" count="1" type="stmt"/>
    </file>
    <file name="isPrime.js" path="C:\Users\swarna.sreekar\OneDrive - ascendion\Desktop\jest_testing\isPrime.js">
      <metrics statements="7" coveredstatements="7" conditionals="4" coveredconditionals="4" methods="1" coveredmethods="1"/>
      <line num="2" count="10" type="cond" truecount="2" falsecount="0"/>
      <line num="3" count="1" type="stmt"/>
      <line num="16" count="9" type="stmt"/>
      <line num="17" count="10032" type="cond" truecount="2" falsecount="0"/>
      <line num="18" count="4" type="stmt"/>
      <line num="21" count="5" type="stmt"/>
      <line num="24" count="1" type="stmt"/>
    </file>
    <file name="multiplication.js" path="C:\Users\swarna.sreekar\OneDrive - ascendion\Desktop\jest_testing\multiplication.js">
      <metrics statements="2" coveredstatements="2" conditionals="0" coveredconditionals="0" methods="1" coveredmethods="1"/>
      <line num="1" count="2" type="stmt"/>
      <line num="2" count="1" type="stmt"/>
    </file>
  </project>
</coverage>
