{"C:\\Users\\swarna.sreekar\\OneDrive - ascendion\\Desktop\\jest_testing\\add.js": {"path":"C:\\Users\\swarna.sreekar\\OneDrive - ascendion\\Desktop\\jest_testing\\add.js","statementMap":{"0":{"start":{"line":1,"column":12},"end":{"line":1,"column":23}},"1":{"start":{"line":1,"column":20},"end":{"line":1,"column":23}},"2":{"start":{"line":2,"column":0},"end":{"line":2,"column":23}}},"fnMap":{"0":{"name":"(anonymous_0)","decl":{"start":{"line":1,"column":12},"end":{"line":1,"column":13}},"loc":{"start":{"line":1,"column":20},"end":{"line":1,"column":23}},"line":1}},"branchMap":{},"s":{"0":1,"1":2,"2":1},"f":{"0":2},"b":{},"_coverageSchema":"1a1c01bbd47fc00a2c39e90264f33305004495a9","hash":"c69cfd17603df3e84833563df227ce9ba1b4e504"}
,"C:\\Users\\swarna.sreekar\\OneDrive - ascendion\\Desktop\\jest_testing\\examplecase.js": {"path":"C:\\Users\\swarna.sreekar\\OneDrive - ascendion\\Desktop\\jest_testing\\examplecase.js","statementMap":{"0":{"start":{"line":2,"column":23},"end":{"line":4,"column":8}},"1":{"start":{"line":3,"column":8},"end":{"line":3,"column":36}},"2":{"start":{"line":5,"column":4},"end":{"line":5,"column":22}},"3":{"start":{"line":8,"column":21},"end":{"line":20,"column":5}},"4":{"start":{"line":10,"column":12},"end":{"line":17,"column":13}},"5":{"start":{"line":11,"column":16},"end":{"line":14,"column":18}},"6":{"start":{"line":16,"column":16},"end":{"line":16,"column":27}},"7":{"start":{"line":21,"column":20},"end":{"line":21,"column":46}},"8":{"start":{"line":22,"column":4},"end":{"line":22,"column":18}},"9":{"start":{"line":24,"column":20},"end":{"line":28,"column":1}},"10":{"start":{"line":25,"column":19},"end":{"line":25,"column":20}},"11":{"start":{"line":26,"column":4},"end":{"line":26,"column":19}},"12":{"start":{"line":27,"column":4},"end":{"line":27,"column":20}},"13":{"start":{"line":29,"column":0},"end":{"line":29,"column":64}}},"fnMap":{"0":{"name":"getTotalLikes","decl":{"start":{"line":1,"column":9},"end":{"line":1,"column":22}},"loc":{"start":{"line":1,"column":28},"end":{"line":6,"column":1}},"line":1},"1":{"name":"(anonymous_1)","decl":{"start":{"line":2,"column":41},"end":{"line":2,"column":42}},"loc":{"start":{"line":2,"column":55},"end":{"line":4,"column":5}},"line":2},"2":{"name":"getMostPopularBlog","decl":{"start":{"line":7,"column":9},"end":{"line":7,"column":27}},"loc":{"start":{"line":7,"column":33},"end":{"line":23,"column":1}},"line":7},"3":{"name":"(anonymous_3)","decl":{"start":{"line":9,"column":8},"end":{"line":9,"column":9}},"loc":{"start":{"line":9,"column":26},"end":{"line":18,"column":9}},"line":9},"4":{"name":"(anonymous_4)","decl":{"start":{"line":24,"column":20},"end":{"line":24,"column":21}},"loc":{"start":{"line":24,"column":29},"end":{"line":28,"column":1}},"line":24}},"branchMap":{"0":{"loc":{"start":{"line":10,"column":12},"end":{"line":17,"column":13}},"type":"if","locations":[{"start":{"line":10,"column":12},"end":{"line":17,"column":13}},{"start":{"line":15,"column":18},"end":{"line":17,"column":13}}],"line":10}},"s":{"0":1,"1":2,"2":1,"3":1,"4":2,"5":1,"6":1,"7":1,"8":1,"9":1,"10":1,"11":1,"12":1,"13":1},"f":{"0":1,"1":2,"2":1,"3":2,"4":1},"b":{"0":[1,1]},"_coverageSchema":"1a1c01bbd47fc00a2c39e90264f33305004495a9","hash":"e18ad8f5c0ac9281e60376c270e3e661718978af"}
,"C:\\Users\\swarna.sreekar\\OneDrive - ascendion\\Desktop\\jest_testing\\isPrime.js": {"path":"C:\\Users\\swarna.sreekar\\OneDrive - ascendion\\Desktop\\jest_testing\\isPrime.js","statementMap":{"0":{"start":{"line":2,"column":4},"end":{"line":4,"column":5}},"1":{"start":{"line":3,"column":8},"end":{"line":3,"column":21}},"2":{"start":{"line":16,"column":4},"end":{"line":20,"column":5}},"3":{"start":{"line":16,"column":17},"end":{"line":16,"column":18}},"4":{"start":{"line":17,"column":8},"end":{"line":19,"column":9}},"5":{"start":{"line":18,"column":12},"end":{"line":18,"column":25}},"6":{"start":{"line":21,"column":4},"end":{"line":21,"column":16}},"7":{"start":{"line":24,"column":0},"end":{"line":24,"column":25}}},"fnMap":{"0":{"name":"isPrime","decl":{"start":{"line":1,"column":9},"end":{"line":1,"column":16}},"loc":{"start":{"line":1,"column":22},"end":{"line":22,"column":1}},"line":1}},"branchMap":{"0":{"loc":{"start":{"line":2,"column":4},"end":{"line":4,"column":5}},"type":"if","locations":[{"start":{"line":2,"column":4},"end":{"line":4,"column":5}},{"start":{},"end":{}}],"line":2},"1":{"loc":{"start":{"line":17,"column":8},"end":{"line":19,"column":9}},"type":"if","locations":[{"start":{"line":17,"column":8},"end":{"line":19,"column":9}},{"start":{},"end":{}}],"line":17}},"s":{"0":10,"1":1,"2":9,"3":9,"4":10032,"5":4,"6":5,"7":1},"f":{"0":10},"b":{"0":[1,9],"1":[4,10028]},"_coverageSchema":"1a1c01bbd47fc00a2c39e90264f33305004495a9","hash":"001674e2409b53eacfa7eb2bc50053ccdba7bfb0"}
,"C:\\Users\\swarna.sreekar\\OneDrive - ascendion\\Desktop\\jest_testing\\multiplication.js": {"path":"C:\\Users\\swarna.sreekar\\OneDrive - ascendion\\Desktop\\jest_testing\\multiplication.js","statementMap":{"0":{"start":{"line":1,"column":17},"end":{"line":1,"column":28}},"1":{"start":{"line":1,"column":25},"end":{"line":1,"column":28}},"2":{"start":{"line":2,"column":0},"end":{"line":2,"column":28}}},"fnMap":{"0":{"name":"(anonymous_0)","decl":{"start":{"line":1,"column":17},"end":{"line":1,"column":18}},"loc":{"start":{"line":1,"column":25},"end":{"line":1,"column":28}},"line":1}},"branchMap":{},"s":{"0":1,"1":2,"2":1},"f":{"0":2},"b":{},"_coverageSchema":"1a1c01bbd47fc00a2c39e90264f33305004495a9","hash":"73cbe4d82d1d2e4281510377442f4bc4a13ca85c"}
}
