TN:
SF:add.js
FN:1,(anonymous_0)
FNF:1
FNH:1
FNDA:2,(anonymous_0)
DA:1,2
DA:2,1
LF:2
LH:2
BRF:0
BRH:0
end_of_record
TN:
SF:examplecase.js
FN:1,getTotalLikes
FN:2,(anonymous_1)
FN:7,getMostPopularBlog
FN:9,(anonymous_3)
FN:24,(anonymous_4)
FNF:5
FNH:5
FNDA:1,getTotalLikes
FNDA:2,(anonymous_1)
FNDA:1,getMostPopularBlog
FNDA:2,(anonymous_3)
FNDA:1,(anonymous_4)
DA:2,1
DA:3,2
DA:5,1
DA:8,1
DA:10,2
DA:11,1
DA:16,1
DA:21,1
DA:22,1
DA:24,1
DA:25,1
DA:26,1
DA:27,1
DA:29,1
LF:14
LH:14
BRDA:10,0,0,1
BRDA:10,0,1,1
BRF:2
BRH:2
end_of_record
TN:
SF:isPrime.js
FN:1,isPrime
FNF:1
FNH:1
FNDA:10,isPrime
DA:2,10
DA:3,1
DA:16,9
DA:17,10032
DA:18,4
DA:21,5
DA:24,1
LF:7
LH:7
BRDA:2,0,0,1
BRDA:2,0,1,9
BRDA:17,1,0,4
BRDA:17,1,1,10028
BRF:4
BRH:4
end_of_record
TN:
SF:multiplication.js
FN:1,(anonymous_0)
FNF:1
FNH:1
FNDA:2,(anonymous_0)
DA:1,2
DA:2,1
LF:2
LH:2
BRF:0
BRH:0
end_of_record
